<?xml version="1.0" encoding="UTF-8"?>
<!-- Generated by org.testng.reporters.JUnitReportReporter -->
<testsuite hostname="DESKTOP-KFJASB6" failures="0" tests="1" name="com.SalesForceApp.Automationtests.AutomationScripts" time="3.439" errors="0" timestamp="2024-02-20T22:53:36 EST" skipped="0">
  <testcase classname="com.SalesForceApp.Automationtests.AutomationScripts" name="Login_4b" time="3.439"/>
</testsuite> <!-- com.SalesForceApp.Automationtests.AutomationScripts -->
